<?xml version="1.0" encoding="UTF-8"?>
<!-- Generated by org.testng.reporters.JUnitReportReporter -->
<testsuite hostname="DESKTOP-PC8N6CN" failures="0" tests="1" name="Runner.Runner" time="5.804" errors="0" timestamp="2024-11-24T12:18:25 IST" skipped="0">
  <testcase classname="Runner.Runner" name="runScenario" time="5.804"/>
  <system-out/>
</testsuite> <!-- Runner.Runner -->
